<?xml version="1.0" encoding="UTF-8"?>
<!-- Generated by org.testng.reporters.JUnitReportReporter -->
<testsuite hostname="ASSURASA-0P7T4" name="com.practice.MavenPractice.Project1Test" tests="1" failures="0" timestamp="13 Aug 2020 10:41:20 GMT" time="16.624" errors="0">
  <testcase name="invokeBrowser" time="16.624" classname="com.practice.MavenPractice.Project1Test"/>
</testsuite> <!-- com.practice.MavenPractice.Project1Test -->
