<?xml version="1.0" encoding="UTF-8"?>
<!-- Generated by org.testng.reporters.JUnitReportReporter -->
<testsuite hostname="ASSURASA-0P7T4" name="com.practice.MavenPractice.Project2" tests="2" failures="0" timestamp="12 Aug 2020 11:36:02 GMT" time="74.691" errors="0">
  <testcase name="testCase2" time="45.451" classname="com.practice.MavenPractice.Project2"/>
  <testcase name="testCase1" time="29.240" classname="com.practice.MavenPractice.Project2"/>
</testsuite> <!-- com.practice.MavenPractice.Project2 -->
