<?xml version="1.0" encoding="UTF-8"?>
<!-- Generated by org.testng.reporters.JUnitReportReporter -->
<testsuite hostname="ASSURASA-0P7T4" name="com.practice.MavenPractice.Project4" tests="1" failures="0" timestamp="12 Aug 2020 11:36:02 GMT" time="27.246" errors="0">
  <testcase name="testCase" time="27.246" classname="com.practice.MavenPractice.Project4"/>
</testsuite> <!-- com.practice.MavenPractice.Project4 -->
