<?xml version="1.0" encoding="UTF-8"?>
<!-- Generated by org.testng.reporters.JUnitReportReporter -->
<testsuite skipped="0" hostname="ASSURASA-0P7T4" name="com.practice.MavenPractice.Project1Test" tests="1" failures="0" timestamp="13 Aug 2020 10:45:14 GMT" time="16.383" errors="0">
  <testcase name="invokeBrowser" time="16.383" classname="com.practice.MavenPractice.Project1Test"/>
</testsuite> <!-- com.practice.MavenPractice.Project1Test -->
